===================================================================================================================
Symbol Table: Global                                                             Parent: null
----------------------------------------------------------------------------------------------------
Name           Type                     Initial Value                 Size        Offset      Nested
-------------------------------------------------------------------------------------------------------------------
hcf                 integer                                   4           0          hcf
main                integer                                   4           4          main
-------------------------------------------------------------------------------------------------------------------

===================================================================================================================
Symbol Table: hcf                                                                Parent: Global
----------------------------------------------------------------------------------------------------
Name           Type                     Initial Value                 Size        Offset      Nested
-------------------------------------------------------------------------------------------------------------------
n1                  integer                                   4           0          null
n2                  integer                                   4           4          null
return              integer                                   4           8          null
t00                 integer                  0                4           12         null
hcf                 integer                                   4           16         null
t01                 integer                                   4           20         null
t02                 integer                                   4           24         null
-------------------------------------------------------------------------------------------------------------------

===================================================================================================================
Symbol Table: main                                                               Parent: Global
----------------------------------------------------------------------------------------------------
Name           Type                     Initial Value                 Size        Offset      Nested
-------------------------------------------------------------------------------------------------------------------
return              integer                                   4           0          null
n1                  integer                                   4           4          null
n2                  integer                                   4           8          null
printf              integer                                   4           12         null
t00                 ptr(char)                "Enter two positive integers: "4           16         null
t01                 integer                                   4           20         null
scanf               integer                                   4           24         null
t02                 ptr(char)                "%d %d"          4           28         null
t03                 ptr(integer)                              4           32         null
t04                 ptr(integer)                              4           36         null
t05                 integer                                   4           40         null
t06                 ptr(char)                "G.C.D of %d and %d is %d."4           44         null
hcf                 integer                                   4           48         null
t07                 integer                                   4           52         null
t08                 integer                                   4           56         null
t09                 integer                  0                4           60         null
-------------------------------------------------------------------------------------------------------------------

==============================
Quad Translation
------------------------------

main: 

	1   :	param t00
	2   :	t01 = call printf, 1
	3   :	param t02
	4   :	t03 = &n1
	5   :	param t03
	6   :	t04 = &n2
	7   :	param t04
	8   :	t05 = call scanf, 3
	9   :	param t06
	10  :	param n1
	11  :	param n2
	12  :	param n1
	13  :	param n2
	14  :	t07 = call hcf, 2
	15  :	param t07
	16  :	t08 = call printf, 4
	17  :	t09 = 0
	18  :	ret t09

hcf: 


hcf: 

	21  :	t00 = 0
	22  :	if n2 != t00 goto 25
	23  :	goto 31
	24  :	goto 32
	25  :	param n2
	26  :	t01 = n1 % n2
	27  :	param t01
	28  :	t02 = call hcf, 2
	29  :	ret t02
	30  :	goto 
	31  :	ret n1
------------------------------
