===================================================================================================================
Symbol Table: Global                                                             Parent: null
----------------------------------------------------------------------------------------------------
Name           Type                     Initial Value                 Size        Offset      Nested
-------------------------------------------------------------------------------------------------------------------
main                integer                                   4           0          main
-------------------------------------------------------------------------------------------------------------------

===================================================================================================================
Symbol Table: main                                                               Parent: Global
----------------------------------------------------------------------------------------------------
Name           Type                     Initial Value                 Size        Offset      Nested
-------------------------------------------------------------------------------------------------------------------
return              integer                                   4           0          null
i                   integer                                   4           4          null
j                   integer                                   4           8          null
rows                integer                                   4           12         null
printf              integer                                   4           16         null
t00                 ptr(char)                "Enter the number of rows: "4           20         null
t01                 integer                                   4           24         null
scanf               integer                                   4           28         null
t02                 ptr(char)                "%d"             4           32         null
t03                 ptr(integer)                              4           36         null
t04                 integer                                   4           40         null
t05                 integer                  1                4           44         null
t06                 integer                                   4           48         null
t07                 integer                  1                4           52         null
t08                 integer                                   4           56         null
t09                 ptr(char)                "* "             4           60         null
t10                 integer                                   4           64         null
t11                 ptr(char)                "\n"             4           68         null
t12                 integer                                   4           72         null
t13                 integer                  0                4           76         null
-------------------------------------------------------------------------------------------------------------------

==============================
Quad Translation
------------------------------

main: 

	1   :	param t00
	2   :	t01 = call printf, 1
	3   :	param t02
	4   :	t03 = &rows
	5   :	param t03
	6   :	t04 = call scanf, 2
	7   :	t05 = 1
	8   :	i = t05
	9   :	if i <= rows goto 13
	10  :	goto 25
	11  :	i = i + 1
	12  :	goto 9
	13  :	t07 = 1
	14  :	j = t07
	15  :	if j <= i goto 19
	16  :	goto 22
	17  :	j = j + 1
	18  :	goto 15
	19  :	param t09
	20  :	t10 = call printf, 1
	21  :	goto 17
	22  :	param t11
	23  :	t12 = call printf, 1
	24  :	goto 11
	25  :	t13 = 0
	26  :	ret t13
------------------------------
