"syntax error
===================================================================================================================
Symbol Table: Global                                                             Parent: null
----------------------------------------------------------------------------------------------------
Name           Type                     Initial Value                 Size        Offset      Nested
-------------------------------------------------------------------------------------------------------------------
main                integer                                   4           0          main
-------------------------------------------------------------------------------------------------------------------

===================================================================================================================
Symbol Table: main                                                               Parent: Global
----------------------------------------------------------------------------------------------------
Name           Type                     Initial Value                 Size        Offset      Nested
-------------------------------------------------------------------------------------------------------------------
return              integer                                   4           0          null
r                   integer                                   4           4          null
c                   integer                                   4           8          null
a                   arr(100, arr(100, integer))                 40000       12         null
t00                 integer                  100              4           40012      null
t01                 integer                  100              4           40016      null
b                   arr(100, arr(100, integer))                 40000       40020      null
t02                 integer                  100              4           80020      null
t03                 integer                  100              4           80024      null
sum                 arr(100, arr(100, integer))                 40000       80028      null
t04                 integer                  100              4           120028     null
t05                 integer                  100              4           120032     null
i                   integer                                   4           120036     null
j                   integer                                   4           120040     null
printf              integer                                   4           120044     null
Enter               integer                                   4           120048     null
the                 integer                                   4           120052     null
-------------------------------------------------------------------------------------------------------------------

==============================
Quad Translation
------------------------------

main: 

	1   :	t00 = 100
	2   :	t01 = 100
	3   :	t02 = 100
	4   :	t03 = 100
	5   :	t04 = 100
	6   :	t05 = 100
	7   :	param Enter
------------------------------
