===================================================================================================================
Symbol Table: Global                                                             Parent: null
----------------------------------------------------------------------------------------------------
Name           Type                     Initial Value                 Size        Offset      Nested
-------------------------------------------------------------------------------------------------------------------
cyclicSwap          void                                      0           0          cyclicSwap
main                integer                                   4           0          main
-------------------------------------------------------------------------------------------------------------------

===================================================================================================================
Symbol Table: cyclicSwap                                                         Parent: Global
----------------------------------------------------------------------------------------------------
Name           Type                     Initial Value                 Size        Offset      Nested
-------------------------------------------------------------------------------------------------------------------
a                   ptr(integer)                              4           0          null
b                   ptr(integer)                              4           4          null
c                   ptr(integer)                              4           8          null
n1                  ptr(integer)                              4           12         null
n2                  ptr(integer)                              4           16         null
n3                  ptr(integer)                              4           20         null
temp                integer                                   4           24         null
t00                 integer                                   4           28         null
t01                 integer                                   4           32         null
t02                 integer                                   4           36         null
t03                 integer                                   4           40         null
t04                 integer                                   4           44         null
t05                 integer                                   4           48         null
t06                 integer                                   4           52         null
-------------------------------------------------------------------------------------------------------------------

===================================================================================================================
Symbol Table: main                                                               Parent: Global
----------------------------------------------------------------------------------------------------
Name           Type                     Initial Value                 Size        Offset      Nested
-------------------------------------------------------------------------------------------------------------------
return              integer                                   4           0          null
a                   integer                                   4           4          null
b                   integer                                   4           8          null
c                   integer                                   4           12         null
printf              integer                                   4           16         null
t00                 ptr(char)                "Enter a, b and c respectively: "4           20         null
t01                 integer                                   4           24         null
scanf               integer                                   4           28         null
t02                 ptr(char)                "%d %d %d"       4           32         null
t03                 ptr(integer)                              4           36         null
t04                 ptr(integer)                              4           40         null
t05                 ptr(integer)                              4           44         null
t06                 integer                                   4           48         null
t07                 ptr(char)                "Value before swapping:\n"4           52         null
t08                 integer                                   4           56         null
t09                 ptr(char)                "a = %d \nb = %d \nc = %d\n"4           60         null
t10                 integer                                   4           64         null
cyclicSwap          integer                                   4           68         null
t11                 ptr(integer)                              4           72         null
t12                 ptr(integer)                              4           76         null
t13                 ptr(integer)                              4           80         null
t14                 integer                                   4           84         null
t15                 ptr(char)                "Value after swapping:\n"4           88         null
t16                 integer                                   4           92         null
t17                 ptr(char)                "a = %d \nb = %d \nc = %d"4           96         null
t18                 integer                                   4           100        null
t19                 integer                  0                4           104        null
-------------------------------------------------------------------------------------------------------------------

==============================
Quad Translation
------------------------------

main: 

	1   :	param t00
	2   :	t01 = call printf, 1
	3   :	param t02
	4   :	t03 = &a
	5   :	param t03
	6   :	t04 = &b
	7   :	param t04
	8   :	t05 = &c
	9   :	param t05
	10  :	t06 = call scanf, 4
	11  :	param t07
	12  :	t08 = call printf, 1
	13  :	param t09
	14  :	param a
	15  :	param b
	16  :	param c
	17  :	t10 = call printf, 4
	18  :	t11 = &a
	19  :	param t11
	20  :	t12 = &b
	21  :	param t12
	22  :	t13 = &c
	23  :	param t13
	24  :	t14 = call cyclicSwap, 3
	25  :	param t15
	26  :	t16 = call printf, 1
	27  :	param t17
	28  :	param a
	29  :	param b
	30  :	param c
	31  :	t18 = call printf, 4
	32  :	t19 = 0
	33  :	ret t19

cyclicSwap: 


cyclicSwap: 

	36  :	t00 = *n2
	37  :	temp = t00
	38  :	t02 = *n2
	39  :	t03 = *n1
	40  :	*n2 = t03
	41  :	t04 = *n1
	42  :	t05 = *n3
	43  :	*n1 = t05
	44  :	t06 = *n3
	45  :	*n3 = temp
------------------------------
